[debug] [2021-01-28T12:28:05.756Z] ----------------------------------------------------------------------
[debug] [2021-01-28T12:28:05.761Z] Command:       C:\Program Files\nodejs\node.exe C:\Program Files\nodejs\node_modules\firebase-tools\lib\bin\firebase.js init
[debug] [2021-01-28T12:28:05.761Z] CLI Version:   9.2.2
[debug] [2021-01-28T12:28:05.761Z] Platform:      win32
[debug] [2021-01-28T12:28:05.762Z] Node Version:  v15.2.0
[debug] [2021-01-28T12:28:05.763Z] Time:          Thu Jan 28 2021 09:28:05 GMT-0300 (hora estándar de Argentina)
[debug] [2021-01-28T12:28:05.763Z] ----------------------------------------------------------------------
[debug] [2021-01-28T12:28:05.763Z] 
[debug] [2021-01-28T12:28:05.770Z] > command requires scopes: ["email","openid","https://www.googleapis.com/auth/cloudplatformprojects.readonly","https://www.googleapis.com/auth/firebase","https://www.googleapis.com/auth/cloud-platform"]
[debug] [2021-01-28T12:28:05.771Z] > authorizing via signed-in user
[info] 
     ######## #### ########  ######## ########     ###     ######  ########
     ##        ##  ##     ## ##       ##     ##  ##   ##  ##       ##
     ######    ##  ########  ######   ########  #########  ######  ######
     ##        ##  ##    ##  ##       ##     ## ##     ##       ## ##
     ##       #### ##     ## ######## ########  ##     ##  ######  ########

You're about to initialize a Firebase project in this directory:

  D:\ArchivosPC\Gabriel\DEVELOPMENT\CODIGO\fcc-markdown-previewer

[info] 
=== Project Setup
[info] 
[info] First, let's associate this project directory with a Firebase project.
[info] You can create multiple project aliases by running firebase use --add, 
[info] but for now we'll just set up a default project.
[info] 
[debug] [2021-01-28T12:28:16.533Z] >>> [apiv2][query] GET https://firebase.googleapis.com/v1beta1/projects pageSize=100
[debug] [2021-01-28T12:28:16.904Z] <<< [apiv2][status] GET https://firebase.googleapis.com/v1beta1/projects 200
[debug] [2021-01-28T12:28:16.904Z] <<< [apiv2][body] GET https://firebase.googleapis.com/v1beta1/projects [omitted]
